2022-01-01 15:09:14,569 -test.py: 27 - INFO: koo
2022-01-01 15:10:17,022 -test.py: 27 - INFO: koo
2022-01-01 15:10:33,711 -automain.py: 101 - INFO: 2022-01-01 15:10:32----较准完毕！
2022-01-01 15:10:33,712 -automain.py: 20 - INFO: 开启线程：ticker
2022-01-01 15:10:33,712 -automain.py: 43 - INFO: 开启线程：analy
2022-01-01 15:10:38,727 -automain.py: 66 - INFO: 15:10:38 触发交易，交易次数：1
2022-01-01 15:11:48,843 -automain.py: 101 - INFO: 2022-01-01 15:11:47----较准完毕！
2022-01-01 15:11:48,844 -automain.py: 20 - INFO: 开启线程：ticker
2022-01-01 15:11:48,844 -automain.py: 43 - INFO: 开启线程：analy
2022-01-01 15:11:53,856 -automain.py: 66 - INFO: 15:11:53 触发交易，交易次数：1
2022-01-01 15:15:20,280 -automain.py: 101 - INFO: 2022-01-01 15:15:18----较准完毕！
2022-01-01 15:15:20,283 -automain.py: 20 - INFO: 开启线程：ticker
2022-01-01 15:15:20,287 -automain.py: 43 - INFO: 开启线程：analy
2022-01-01 15:24:26,116 -automain.py: 101 - INFO: 2022-01-01 15:24:24----较准完毕！
2022-01-01 15:24:26,116 -automain.py: 20 - INFO: 开启线程：ticker
2022-01-01 15:24:26,117 -automain.py: 43 - INFO: 开启线程：analy
2022-01-01 15:41:27,360 -automain.py: 60 - INFO: 15:41:27 触发交易，交易次数：1
2022-01-01 15:48:07,970 -automain.py: 60 - INFO: 15:48:07 触发交易，交易次数：2
2022-01-01 15:58:13,906 -automain.py: 66 - INFO: 15:58:13 触发交易，交易次数：3
2022-01-01 16:02:04,615 -automain.py: 66 - INFO: 16:02:04 触发交易，交易次数：4
2022-01-01 16:05:10,192 -automain.py: 60 - INFO: 16:05:10 触发交易，交易次数：5
2022-01-01 16:17:46,339 -automain.py: 60 - INFO: 16:17:46 触发交易，交易次数：6
2022-01-01 16:39:35,756 -automain.py: 100 - INFO: 2022-01-01 16:39:34----较准完毕！
2022-01-01 16:39:35,782 -automain.py: 20 - INFO: 开启线程：ticker
2022-01-01 16:39:35,788 -automain.py: 43 - INFO: 开启线程：analy
2022-01-01 16:40:36,259 -automain.py: 101 - INFO: 2022-01-01 16:40:34----较准完毕！
2022-01-01 16:40:36,260 -automain.py: 20 - INFO: 开启线程：ticker
2022-01-01 16:40:36,260 -automain.py: 43 - INFO: 开启线程：analy
2022-01-01 16:40:57,466 -automain.py: 101 - INFO: 2022-01-01 16:40:56----较准完毕！
2022-01-01 16:40:57,469 -automain.py: 20 - INFO: 开启线程：ticker
2022-01-01 16:40:57,472 -automain.py: 43 - INFO: 开启线程：analy
2022-01-01 16:47:12,544 -automain.py: 60 - INFO: 触发交易，交易次数：1
2022-01-01 16:47:12,891 -trade.py: 57 - INFO: 进入交易:  ptey.Ok sell 0.0071ETH 价格：3732
2022-01-01 16:47:13,129 -trade.py: 62 - INFO: okex下单成功！
2022-01-01 16:47:13,182 -database.py: 33 - INFO: 记录：userid = 1
2022-01-01 16:52:08,175 -automain.py: 66 - INFO: 触发交易，交易次数：2
2022-01-01 16:52:08,470 -trade.py: 57 - INFO: 进入交易:  ptey.Ok buy 26.286ETH 价格：3724.56
2022-01-01 16:52:08,681 -trade.py: 62 - INFO: okex下单成功！
2022-01-01 16:52:08,729 -database.py: 33 - INFO: 记录：userid = 1
2022-01-01 17:01:58,790 -automain.py: 66 - INFO: 触发交易，交易次数：3
2022-01-01 17:01:59,142 -trade.py: 57 - INFO: 进入交易:  ptey.Ok buy 26.2565ETH 价格：3717.01
2022-01-01 17:01:59,346 -trade.py: 62 - INFO: okex下单成功！
2022-01-01 17:01:59,392 -database.py: 33 - INFO: 记录：userid = 1
2022-01-01 17:05:49,403 -automain.py: 60 - INFO: 触发交易，交易次数：4
2022-01-01 17:05:49,720 -trade.py: 57 - INFO: 进入交易:  ptey.Ok sell 0.0071ETH 价格：3724.42
2022-01-01 17:05:49,911 -trade.py: 62 - INFO: okex下单成功！
2022-01-01 17:05:49,977 -database.py: 33 - INFO: 记录：userid = 1
2022-01-01 17:36:01,015 -automain.py: 66 - INFO: 触发交易，交易次数：5
2022-01-01 17:36:01,344 -trade.py: 57 - INFO: 进入交易:  ptey.Ok buy 26.253ETH 价格：3715.41
2022-01-01 17:36:01,539 -trade.py: 62 - INFO: okex下单成功！
2022-01-01 17:36:01,584 -database.py: 33 - INFO: 记录：userid = 1
2022-01-01 17:45:05,106 -automain.py: 101 - INFO: 2022-01-01 17:45:03----较准完毕！
2022-01-01 17:45:05,107 -automain.py: 20 - INFO: 开启线程：ticker
2022-01-01 17:45:05,108 -automain.py: 43 - INFO: 开启线程：analy
2022-01-01 18:00:55,295 -automain.py: 60 - INFO: 触发交易，交易次数：1
2022-01-01 18:00:55,710 -trade.py: 57 - INFO: 进入交易:  ptey.Ok sell 0.0071ETH 价格：3724.08
2022-01-01 18:00:55,893 -trade.py: 62 - INFO: okex下单成功！
2022-01-01 18:00:55,943 -database.py: 33 - INFO: 记录：userid = 1
2022-01-01 18:03:40,925 -automain.py: 60 - INFO: 触发交易，交易次数：2
2022-01-01 18:03:41,267 -trade.py: 57 - INFO: 进入交易:  ptey.Ok sell 0.007ETH 价格：3731.86
2022-01-01 18:03:41,506 -trade.py: 62 - INFO: okex下单成功！
2022-01-01 18:03:41,559 -database.py: 33 - INFO: 记录：userid = 1
2022-01-01 18:06:41,544 -automain.py: 66 - INFO: 触发交易，交易次数：3
2022-01-01 18:06:41,881 -trade.py: 57 - INFO: 进入交易:  ptey.Ok buy 26.2755ETH 价格：3721.18
2022-01-01 18:06:42,113 -trade.py: 62 - INFO: okex下单成功！
2022-01-01 18:06:42,155 -database.py: 33 - INFO: 记录：userid = 1
2022-01-01 18:17:02,206 -automain.py: 66 - INFO: 触发交易，交易次数：4
2022-01-01 18:17:02,547 -trade.py: 57 - INFO: 进入交易:  ptey.Ok buy 26.247ETH 价格：3713.69
2022-01-01 18:17:02,724 -trade.py: 62 - INFO: okex下单成功！
2022-01-01 18:17:02,764 -database.py: 33 - INFO: 记录：userid = 1
2022-01-01 18:28:22,860 -automain.py: 66 - INFO: 触发交易，交易次数：5
2022-01-01 18:28:23,376 -trade.py: 57 - INFO: 进入交易:  ptey.Ok buy 26.2175ETH 价格：3705.91
2022-01-01 18:28:23,580 -trade.py: 62 - INFO: okex下单成功！
2022-01-01 18:28:23,701 -database.py: 33 - INFO: 记录：userid = 1
2022-01-01 18:28:48,679 -automain.py: 66 - INFO: 触发交易，交易次数：6
2022-01-01 18:28:49,050 -trade.py: 57 - INFO: 进入交易:  ptey.Ok buy 26.1655ETH 价格：3695.37
2022-01-01 18:28:49,258 -trade.py: 62 - INFO: okex下单成功！
2022-01-01 18:28:49,307 -database.py: 33 - INFO: 记录：userid = 1
2022-01-01 18:30:19,286 -automain.py: 66 - INFO: 触发交易，交易次数：7
2022-01-01 18:30:19,628 -trade.py: 57 - INFO: 进入交易:  ptey.Ok buy 26.1325ETH 价格：3687.05
2022-01-01 18:30:19,847 -trade.py: 62 - INFO: okex下单成功！
2022-01-01 18:30:19,893 -database.py: 33 - INFO: 记录：userid = 1
2022-01-01 18:34:14,904 -automain.py: 66 - INFO: 触发交易，交易次数：8
2022-01-01 18:34:15,309 -trade.py: 57 - INFO: 进入交易:  ptey.Ok buy 26.086ETH 价格：3678
2022-01-01 18:34:15,540 -trade.py: 62 - INFO: okex下单成功！
2022-01-01 18:34:15,590 -database.py: 33 - INFO: 记录：userid = 1
2022-01-01 18:36:50,570 -automain.py: 60 - INFO: 触发交易，交易次数：9
2022-01-01 18:36:50,874 -trade.py: 57 - INFO: 进入交易:  ptey.Ok sell 0.0071ETH 价格：3685.49
2022-01-01 18:36:51,053 -trade.py: 62 - INFO: okex下单成功！
2022-01-01 18:36:51,097 -database.py: 33 - INFO: 记录：userid = 1
2022-01-01 18:43:51,145 -automain.py: 60 - INFO: 触发交易，交易次数：10
2022-01-01 18:43:51,509 -trade.py: 57 - INFO: 进入交易:  ptey.Ok sell 0.0071ETH 价格：3694.3
2022-01-01 18:43:51,683 -trade.py: 62 - INFO: okex下单成功！
2022-01-01 18:43:51,726 -database.py: 33 - INFO: 记录：userid = 1
2022-01-01 18:45:16,707 -automain.py: 60 - INFO: 触发交易，交易次数：11
2022-01-01 18:45:17,048 -trade.py: 57 - INFO: 进入交易:  ptey.Ok sell 0.0071ETH 价格：3705.01
2022-01-01 18:45:17,255 -trade.py: 62 - INFO: okex下单成功！
2022-01-01 18:45:17,302 -database.py: 33 - INFO: 记录：userid = 1
2022-01-01 18:47:12,293 -automain.py: 66 - INFO: 触发交易，交易次数：12
2022-01-01 18:47:12,618 -trade.py: 57 - INFO: 进入交易:  ptey.Ok buy 26.179ETH 价格：3696.56
2022-01-01 18:47:12,785 -trade.py: 62 - INFO: okex下单成功！
2022-01-01 18:47:12,834 -database.py: 33 - INFO: 记录：userid = 1
2022-01-01 18:51:52,843 -automain.py: 60 - INFO: 触发交易，交易次数：13
2022-01-01 18:51:53,184 -trade.py: 57 - INFO: 进入交易:  ptey.Ok sell 0.0071ETH 价格：3704.13
2022-01-01 18:51:53,392 -trade.py: 62 - INFO: okex下单成功！
2022-01-01 18:51:53,445 -database.py: 33 - INFO: 记录：userid = 1
2022-01-01 18:55:38,461 -automain.py: 66 - INFO: 触发交易，交易次数：14
2022-01-01 18:55:38,800 -trade.py: 57 - INFO: 进入交易:  ptey.Ok buy 26.18ETH 价格：3696.45
2022-01-01 18:55:39,013 -trade.py: 62 - INFO: okex下单成功！
2022-01-01 18:55:39,071 -database.py: 33 - INFO: 记录：userid = 1
2022-01-01 19:15:29,300 -automain.py: 60 - INFO: 触发交易，交易次数：15
2022-01-01 19:15:29,641 -trade.py: 57 - INFO: 进入交易:  ptey.Ok sell 0.0071ETH 价格：3704.29
2022-01-01 19:15:29,823 -trade.py: 62 - INFO: okex下单成功！
2022-01-01 19:15:29,872 -database.py: 33 - INFO: 记录：userid = 1
2022-01-01 19:20:04,899 -automain.py: 60 - INFO: 触发交易，交易次数：16
2022-01-01 19:20:05,257 -trade.py: 57 - INFO: 进入交易:  ptey.Ok sell 0.0071ETH 价格：3711.62
2022-01-01 19:20:05,487 -trade.py: 62 - INFO: okex下单成功！
2022-01-01 19:20:05,536 -database.py: 33 - INFO: 记录：userid = 1
2022-01-01 19:22:15,513 -automain.py: 66 - INFO: 触发交易，交易次数：17
2022-01-01 19:22:15,851 -trade.py: 57 - INFO: 进入交易:  ptey.Ok buy 26.211ETH 价格：3704.22
2022-01-01 19:22:16,093 -trade.py: 62 - INFO: okex下单成功！
2022-01-01 19:22:16,204 -database.py: 33 - INFO: 记录：userid = 1
2022-01-01 19:54:36,532 -automain.py: 66 - INFO: 触发交易，交易次数：18
2022-01-01 19:54:36,924 -trade.py: 57 - INFO: 进入交易:  ptey.Ok buy 26.178ETH 价格：3695.99
2022-01-01 19:54:37,097 -trade.py: 62 - INFO: okex下单成功！
2022-01-01 19:54:37,155 -database.py: 33 - INFO: 记录：userid = 1
2022-01-01 20:08:42,275 -automain.py: 60 - INFO: 触发交易，交易次数：19
2022-01-01 20:08:42,653 -trade.py: 57 - INFO: 进入交易:  ptey.Ok sell 0.0071ETH 价格：3703.28
2022-01-01 20:08:42,894 -trade.py: 62 - INFO: okex下单成功！
2022-01-01 20:08:42,946 -database.py: 33 - INFO: 记录：userid = 1
2022-01-01 20:31:39,120 -automain.py: 60 - INFO: 触发交易，交易次数：20
2022-01-01 20:31:39,583 -trade.py: 57 - INFO: 进入交易:  ptey.Ok sell 0.0071ETH 价格：3710.69
2022-01-01 20:31:39,786 -trade.py: 62 - INFO: okex下单成功！
2022-01-01 20:31:39,836 -database.py: 33 - INFO: 记录：userid = 1
2022-01-01 20:59:00,293 -automain.py: 60 - INFO: 触发交易，交易次数：21
2022-01-01 20:59:00,711 -trade.py: 57 - INFO: 进入交易:  ptey.Ok sell 0.0071ETH 价格：3718.77
2022-01-01 20:59:01,004 -trade.py: 62 - INFO: okex下单成功！
2022-01-01 20:59:01,076 -database.py: 33 - INFO: 记录：userid = 1
2022-01-01 21:08:16,170 -automain.py: 66 - INFO: 触发交易，交易次数：22
2022-01-01 21:08:16,556 -trade.py: 57 - INFO: 进入交易:  ptey.Ok buy 26.24ETH 价格：3711.5
2022-01-01 21:08:16,798 -trade.py: 62 - INFO: okex下单成功！
2022-01-01 21:08:16,852 -database.py: 33 - INFO: 记录：userid = 1
2022-01-01 21:14:21,965 -automain.py: 60 - INFO: 触发交易，交易次数：23
2022-01-01 21:14:22,434 -trade.py: 57 - INFO: 进入交易:  ptey.Ok sell 0.0071ETH 价格：3719.09
2022-01-01 21:14:22,677 -trade.py: 62 - INFO: okex下单成功！
2022-01-01 21:14:22,733 -database.py: 33 - INFO: 记录：userid = 1
2022-01-01 21:25:27,873 -automain.py: 66 - INFO: 触发交易，交易次数：24
2022-01-01 21:25:28,366 -trade.py: 57 - INFO: 进入交易:  ptey.Ok buy 26.2365ETH 价格：3710.41
2022-01-01 21:25:28,663 -trade.py: 62 - INFO: okex下单成功！
2022-01-01 21:25:28,736 -database.py: 33 - INFO: 记录：userid = 1
2022-01-01 21:42:03,873 -automain.py: 60 - INFO: 触发交易，交易次数：25
2022-01-01 21:42:04,294 -trade.py: 57 - INFO: 进入交易:  ptey.Ok sell 0.0071ETH 价格：3717.88
2022-01-01 21:42:04,533 -trade.py: 62 - INFO: okex下单成功！
2022-01-01 21:42:04,596 -database.py: 33 - INFO: 记录：userid = 1
2022-01-01 21:50:59,618 -automain.py: 66 - INFO: 触发交易，交易次数：26
2022-01-01 21:51:00,029 -trade.py: 57 - INFO: 进入交易:  ptey.Ok buy 26.2365ETH 价格：3710.49
2022-01-01 21:51:00,301 -trade.py: 62 - INFO: okex下单成功！
2022-01-01 21:51:00,365 -database.py: 33 - INFO: 记录：userid = 1
2022-01-01 22:28:02,532 -automain.py: 113 - INFO: 2022-01-01 22:28:01----较准完毕！
2022-01-01 22:28:02,537 -automain.py: 32 - INFO: 开启线程：ticker
2022-01-01 22:28:02,541 -automain.py: 55 - INFO: 开启线程：analy
2022-01-01 22:28:04,449 -binance.py: 175 - INFO: 分钟K线增加时间从：2022-01-01 22:28:59到2022-01-01 22:28:59,共100条
2022-01-01 22:28:05,525 -binance.py: 175 - INFO: 分钟K线增加时间从：2022-01-01 22:28:59到2022-01-01 22:28:59,共100条
2022-01-01 22:28:06,562 -binance.py: 175 - INFO: 分钟K线增加时间从：2022-01-01 22:28:59到2022-01-01 22:28:59,共100条
2022-01-01 22:28:07,563 -binance.py: 175 - INFO: 分钟K线增加时间从：2022-01-01 22:28:59到2022-01-01 22:28:59,共100条
2022-01-01 22:28:08,642 -binance.py: 175 - INFO: 分钟K线增加时间从：2022-01-01 22:28:59到2022-01-01 22:28:59,共100条
2022-01-01 22:28:09,641 -binance.py: 175 - INFO: 分钟K线增加时间从：2022-01-01 22:28:59到2022-01-01 22:28:59,共100条
2022-01-01 22:28:10,693 -binance.py: 175 - INFO: 分钟K线增加时间从：2022-01-01 22:28:59到2022-01-01 22:28:59,共100条
2022-01-01 22:28:11,664 -binance.py: 175 - INFO: 分钟K线增加时间从：2022-01-01 22:28:59到2022-01-01 22:28:59,共100条
2022-01-01 22:28:12,737 -binance.py: 175 - INFO: 分钟K线增加时间从：2022-01-01 22:28:59到2022-01-01 22:28:59,共100条
2022-01-01 22:28:13,747 -binance.py: 175 - INFO: 分钟K线增加时间从：2022-01-01 22:28:59到2022-01-01 22:28:59,共100条
2022-01-01 22:28:14,697 -binance.py: 175 - INFO: 分钟K线增加时间从：2022-01-01 22:28:59到2022-01-01 22:28:59,共100条
2022-01-01 22:28:15,663 -binance.py: 175 - INFO: 分钟K线增加时间从：2022-01-01 22:28:59到2022-01-01 22:28:59,共100条
2022-01-01 22:36:01,330 -automain.py: 113 - INFO: 2022-01-01 22:36:00----较准完毕！
2022-01-01 22:36:01,337 -automain.py: 32 - INFO: 开启线程：ticker
2022-01-01 22:36:01,343 -automain.py: 55 - INFO: 开启线程：analy
2022-01-01 22:36:03,052 -binance.py: 173 - INFO: 分钟K线增加时间从：2022-01-01 22:36:59 到 2022-01-01 22:36:59,共100条
2022-01-01 22:36:03,946 -binance.py: 173 - INFO: 分钟K线增加时间从：2022-01-01 22:36:59 到 2022-01-01 22:36:59,共100条
2022-01-01 22:36:04,908 -binance.py: 173 - INFO: 分钟K线增加时间从：2022-01-01 22:36:59 到 2022-01-01 22:36:59,共100条
2022-01-01 22:36:06,087 -binance.py: 173 - INFO: 分钟K线增加时间从：2022-01-01 22:36:59 到 2022-01-01 22:36:59,共100条
2022-01-01 22:36:06,346 -automain.py: 78 - INFO: 触发交易，交易次数：1
2022-01-01 22:36:06,690 -trade.py: 57 - INFO: 进入交易:  ptey.Ok buy 26.176ETH 价格：3695.62
2022-01-01 22:36:06,918 -trade.py: 62 - INFO: okex下单成功！
2022-01-01 22:36:06,980 -database.py: 33 - INFO: 记录：userid = 1
2022-01-01 22:39:48,439 -automain.py: 113 - INFO: 2022-01-01 22:39:47----较准完毕！
2022-01-01 22:39:48,454 -automain.py: 32 - INFO: 开启线程：ticker
2022-01-01 22:39:48,454 -automain.py: 55 - INFO: 开启线程：analy
2022-01-01 22:39:53,463 -automain.py: 78 - INFO: 触发交易，交易次数：1
2022-01-01 22:39:53,869 -trade.py: 57 - INFO: 进入交易:  ptey.Ok buy 26.193ETH 价格：3699.29
2022-01-01 22:39:54,081 -trade.py: 62 - INFO: okex下单成功！
2022-01-01 22:39:54,142 -database.py: 33 - INFO: 记录：userid = 1
2022-01-01 22:44:14,145 -automain.py: 72 - INFO: 触发交易，交易次数：2
2022-01-01 22:44:14,541 -trade.py: 57 - INFO: 进入交易:  ptey.Ok sell 0.0071ETH 价格：3707
2022-01-01 22:44:14,770 -trade.py: 62 - INFO: okex下单成功！
2022-01-01 22:44:14,831 -database.py: 33 - INFO: 记录：userid = 1
2022-01-01 22:44:38,365 -automain.py: 113 - INFO: 2022-01-01 22:44:37----较准完毕！
2022-01-01 22:44:38,376 -automain.py: 32 - INFO: 开启线程：ticker
2022-01-01 22:44:38,376 -automain.py: 55 - INFO: 开启线程：analy
2022-01-01 23:01:21,714 -automain.py: 113 - INFO: 2022-01-01 23:01:20----较准完毕！
2022-01-01 23:01:21,721 -automain.py: 32 - INFO: 开启线程：ticker
2022-01-01 23:01:21,724 -automain.py: 55 - INFO: 开启线程：analy
2022-01-01 23:01:23,511 -binance.py: 173 - INFO: 分钟K线增加时间从：2022-01-01 23:01:59 到 2022-01-01 23:01:59, 共 100 条
2022-01-01 23:01:24,462 -binance.py: 173 - INFO: 分钟K线增加时间从：2022-01-01 23:01:59 到 2022-01-01 23:01:59, 共 100 条
2022-01-01 23:01:25,488 -binance.py: 173 - INFO: 分钟K线增加时间从：2022-01-01 23:01:59 到 2022-01-01 23:01:59, 共 100 条
2022-01-01 23:01:26,432 -binance.py: 173 - INFO: 分钟K线增加时间从：2022-01-01 23:01:59 到 2022-01-01 23:01:59, 共 100 条
2022-01-01 23:01:26,726 -automain.py: 78 - INFO: 触发交易，交易次数：1
2022-01-01 23:01:27,096 -trade.py: 57 - INFO: 进入交易:  ptey.Ok buy 26.175ETH 价格：3694.89
2022-01-01 23:01:27,303 -trade.py: 62 - INFO: okex下单成功！
2022-01-01 23:01:27,353 -database.py: 33 - INFO: 记录：userid = 1
2022-01-01 23:05:14,168 -automain.py: 113 - INFO: 2022-01-01 23:05:12----较准完毕！
2022-01-01 23:05:14,178 -automain.py: 55 - INFO: 开启线程：analy
2022-01-01 23:05:14,184 -automain.py: 32 - INFO: 开启线程：ticker
2022-01-01 23:10:01,328 -automain.py: 113 - INFO: 2022-01-01 23:10:00----较准完毕！
2022-01-01 23:10:01,343 -automain.py: 32 - INFO: 开启线程：ticker
2022-01-01 23:10:01,348 -automain.py: 55 - INFO: 开启线程：analy
2022-01-01 23:16:47,465 -automain.py: 113 - INFO: 2022-01-01 23:16:46----较准完毕！
2022-01-01 23:16:47,480 -automain.py: 32 - INFO: 开启线程：ticker
2022-01-01 23:16:47,485 -automain.py: 55 - INFO: 开启线程：analy
2022-01-01 23:20:52,058 -automain.py: 113 - INFO: 2022-01-01 23:20:50----较准完毕！
2022-01-01 23:20:52,073 -automain.py: 32 - INFO: 开启线程：ticker
2022-01-01 23:20:52,073 -automain.py: 55 - INFO: 开启线程：analy
2022-01-01 23:22:53,465 -automain.py: 113 - INFO: 2022-01-01 23:22:51----较准完毕！
2022-01-01 23:22:53,481 -automain.py: 32 - INFO: 开启线程：ticker
2022-01-01 23:22:53,492 -automain.py: 55 - INFO: 开启线程：analy
2022-01-01 23:26:46,101 -automain.py: 113 - INFO: 2022-01-01 23:26:44----较准完毕！
2022-01-01 23:26:46,105 -automain.py: 32 - INFO: 开启线程：ticker
2022-01-01 23:26:46,121 -automain.py: 55 - INFO: 开启线程：analy
2022-01-01 23:26:47,813 -binance.py: 176 - INFO: 分钟K线增加时间从：2022-01-01 23:26:59 到 2022-01-01 23:26:59, 共 100 条
2022-01-01 23:31:46,438 -automain.py: 113 - INFO: 2022-01-01 23:31:45----较准完毕！
2022-01-01 23:31:46,439 -automain.py: 32 - INFO: 开启线程：ticker
2022-01-01 23:31:46,439 -automain.py: 55 - INFO: 开启线程：analy
2022-01-01 23:32:01,443 -automain.py: 72 - INFO: 触发交易，交易次数：1
2022-01-01 23:32:01,828 -trade.py: 57 - INFO: 进入交易:  ptey.Ok sell 0.0071ETH 价格：3714.5
2022-01-01 23:32:02,021 -trade.py: 62 - INFO: okex下单成功！
2022-01-01 23:32:02,087 -database.py: 33 - INFO: 记录：userid = 1
2022-01-01 23:32:27,082 -automain.py: 72 - INFO: 触发交易，交易次数：2
2022-01-01 23:32:27,395 -trade.py: 57 - INFO: 进入交易:  ptey.Ok sell 0.0071ETH 价格：3723.26
2022-01-01 23:32:27,580 -trade.py: 62 - INFO: okex下单成功！
2022-01-01 23:32:27,658 -database.py: 33 - INFO: 记录：userid = 1
2022-01-01 23:34:17,603 -automain.py: 72 - INFO: 触发交易，交易次数：3
2022-01-01 23:34:17,957 -trade.py: 57 - INFO: 进入交易:  ptey.Ok sell 0.0071ETH 价格：3735.83
2022-01-01 23:34:18,131 -trade.py: 62 - INFO: okex下单成功！
2022-01-01 23:34:18,176 -database.py: 33 - INFO: 记录：userid = 1
2022-01-01 23:38:53,192 -automain.py: 72 - INFO: 触发交易，交易次数：4
2022-01-01 23:38:53,613 -trade.py: 57 - INFO: 进入交易:  ptey.Ok sell 0.007ETH 价格：3743.45
2022-01-01 23:38:53,801 -trade.py: 62 - INFO: okex下单成功！
2022-01-01 23:38:53,850 -database.py: 33 - INFO: 记录：userid = 1
2022-01-01 23:43:43,841 -automain.py: 78 - INFO: 触发交易，交易次数：5
2022-01-01 23:43:44,334 -trade.py: 57 - INFO: 进入交易:  ptey.Ok buy 26.339ETH 价格：3734.11
2022-01-01 23:43:44,606 -trade.py: 62 - INFO: okex下单成功！
2022-01-01 23:43:44,672 -database.py: 33 - INFO: 记录：userid = 1
2022-01-01 23:47:44,635 -automain.py: 78 - INFO: 触发交易，交易次数：6
2022-01-01 23:47:45,070 -trade.py: 57 - INFO: 进入交易:  ptey.Ok buy 26.315ETH 价格：3726.69
2022-01-01 23:47:45,336 -trade.py: 62 - INFO: okex下单成功！
2022-01-01 23:47:45,390 -database.py: 33 - INFO: 记录：userid = 1
2022-01-01 23:50:10,363 -automain.py: 78 - INFO: 触发交易，交易次数：7
2022-01-01 23:50:10,720 -trade.py: 57 - INFO: 进入交易:  ptey.Ok buy 26.2815ETH 价格：3718.38
2022-01-01 23:50:10,906 -trade.py: 62 - INFO: okex下单成功！
2022-01-01 23:50:10,950 -database.py: 33 - INFO: 记录：userid = 1
2022-01-01 23:51:20,921 -automain.py: 72 - INFO: 触发交易，交易次数：8
2022-01-01 23:51:21,247 -trade.py: 57 - INFO: 进入交易:  ptey.Ok sell 0.0071ETH 价格：3727.09
2022-01-01 23:51:21,427 -trade.py: 62 - INFO: okex下单成功！
2022-01-01 23:51:21,471 -database.py: 33 - INFO: 记录：userid = 1
2022-01-02 00:02:46,678 -automain.py: 78 - INFO: 触发交易，交易次数：9
2022-01-02 00:02:47,047 -trade.py: 57 - INFO: 进入交易:  ptey.Ok buy 26.285ETH 价格：3719.31
2022-01-02 00:02:47,273 -trade.py: 62 - INFO: okex下单成功！
2022-01-02 00:02:47,331 -database.py: 33 - INFO: 记录：userid = 1
2022-01-02 00:05:07,313 -automain.py: 72 - INFO: 触发交易，交易次数：10
2022-01-02 00:05:07,653 -trade.py: 57 - INFO: 进入交易:  ptey.Ok sell 0.0071ETH 价格：3726.63
2022-01-02 00:05:07,833 -trade.py: 62 - INFO: okex下单成功！
2022-01-02 00:05:07,885 -database.py: 33 - INFO: 记录：userid = 1
2022-01-02 00:09:22,947 -automain.py: 72 - INFO: 触发交易，交易次数：11
2022-01-02 00:09:23,311 -trade.py: 57 - INFO: 进入交易:  ptey.Ok sell 0.0071ETH 价格：3736.36
2022-01-02 00:09:23,514 -trade.py: 62 - INFO: okex下单成功！
2022-01-02 00:09:23,572 -database.py: 33 - INFO: 记录：userid = 1
